Flow report for riscv_cache_top
Mon Jun 12 14:27:05 2017
Quartus II 64-Bit Version 13.1.0 Build 162 10/23/2013 SJ Full Version


---------------------
; Table of Contents ;
---------------------
  1. Legal Notice
  2. Flow Summary
  3. Flow Settings
  4. Flow Non-Default Global Settings
  5. Flow Elapsed Time
  6. Flow OS Summary
  7. Flow Log
  8. Flow Messages
  9. Flow Suppressed Messages



----------------
; Legal Notice ;
----------------
Copyright (C) 1991-2013 Altera Corporation
Your use of Altera Corporation's design tools, logic functions 
and other software and tools, and its AMPP partner logic 
functions, and any output files from any of the foregoing 
(including device programming or simulation files), and any 
associated documentation or information are expressly subject 
to the terms and conditions of the Altera Program License 
Subscription Agreement, Altera MegaCore Function License 
Agreement, or other applicable license agreement, including, 
without limitation, that your use is for the sole purpose of 
programming logic devices manufactured by Altera and sold by 
Altera or its authorized distributors.  Please refer to the 
applicable agreement for further details.



+----------------------------------------------------------------------------------+
; Flow Summary                                                                     ;
+------------------------------------+---------------------------------------------+
; Flow Status                        ; Successful - Mon Jun 12 14:27:05 2017       ;
; Quartus II 64-Bit Version          ; 13.1.0 Build 162 10/23/2013 SJ Full Version ;
; Revision Name                      ; riscv_cache_top                             ;
; Top-level Entity Name              ; riscv_cache_top                             ;
; Family                             ; Cyclone IV GX                               ;
; Device                             ; EP4CGX150DF31C7                             ;
; Timing Models                      ; Final                                       ;
; Total logic elements               ; 13,307 / 149,760 ( 9 % )                    ;
;     Total combinational functions  ; 9,110 / 149,760 ( 6 % )                     ;
;     Dedicated logic registers      ; 9,637 / 149,760 ( 6 % )                     ;
; Total registers                    ; 9637                                        ;
; Total pins                         ; 146 / 508 ( 29 % )                          ;
; Total virtual pins                 ; 0                                           ;
; Total memory bits                  ; 4,456,448 / 6,635,520 ( 67 % )              ;
; Embedded Multiplier 9-bit elements ; 0 / 720 ( 0 % )                             ;
; Total GXB Receiver Channel PCS     ; 0 / 8 ( 0 % )                               ;
; Total GXB Receiver Channel PMA     ; 0 / 8 ( 0 % )                               ;
; Total GXB Transmitter Channel PCS  ; 0 / 8 ( 0 % )                               ;
; Total GXB Transmitter Channel PMA  ; 0 / 8 ( 0 % )                               ;
; Total PLLs                         ; 0 / 8 ( 0 % )                               ;
+------------------------------------+---------------------------------------------+


+-----------------------------------------+
; Flow Settings                           ;
+-------------------+---------------------+
; Option            ; Setting             ;
+-------------------+---------------------+
; Start date & time ; 06/12/2017 14:20:11 ;
; Main task         ; Compilation         ;
; Revision Name     ; riscv_cache_top     ;
+-------------------+---------------------+


+-----------------------------------------------------------------------------------------------------------------------------+
; Flow Non-Default Global Settings                                                                                            ;
+--------------------------------------+---------------------------------------+---------------+-------------+----------------+
; Assignment Name                      ; Value                                 ; Default Value ; Entity Name ; Section Id     ;
+--------------------------------------+---------------------------------------+---------------+-------------+----------------+
; COMPILER_SIGNATURE_ID                ; 264390081404052.149728801011572       ; --            ; --          ; --             ;
; EDA_DESIGN_INSTANCE_NAME             ; riscv_cache                           ; --            ; --          ; cache_tb_sint  ;
; EDA_NATIVELINK_SIMULATION_TEST_BENCH ; cache_tb_sint                         ; --            ; --          ; eda_simulation ;
; EDA_OUTPUT_DATA_FORMAT               ; Verilog Hdl                           ; --            ; --          ; eda_simulation ;
; EDA_SIMULATION_TOOL                  ; QuestaSim (Verilog)                   ; <None>        ; --          ; --             ;
; EDA_TEST_BENCH_ENABLE_STATUS         ; NOT_USED                              ; --            ; --          ; eda_simulation ;
; EDA_TEST_BENCH_FILE                  ; ../src/cache_tb_sint.sv               ; --            ; --          ; cache_tb_sint  ;
; EDA_TEST_BENCH_FILE                  ; ../src/reference_ram.vhd              ; --            ; --          ; cache_tb_sint  ;
; EDA_TEST_BENCH_FILE                  ; ../src/mem_ctrl.sv                    ; --            ; --          ; cache_tb_sint  ;
; EDA_TEST_BENCH_FILE                  ; ../src/ram.vhd                        ; --            ; --          ; cache_tb_sint  ;
; EDA_TEST_BENCH_FILE                  ; ../src/cache_structs_def.sv           ; --            ; --          ; cache_tb_sint  ;
; EDA_TEST_BENCH_MODULE_NAME           ; cache_tb_sint                         ; --            ; --          ; cache_tb_sint  ;
; EDA_TEST_BENCH_NAME                  ; cache_tb_sint                         ; --            ; --          ; eda_simulation ;
; EDA_TIME_SCALE                       ; 1 ps                                  ; --            ; --          ; eda_simulation ;
; MAX_CORE_JUNCTION_TEMP               ; 85                                    ; --            ; --          ; --             ;
; MIN_CORE_JUNCTION_TEMP               ; 0                                     ; --            ; --          ; --             ;
; NOMINAL_CORE_SUPPLY_VOLTAGE          ; 1.2V                                  ; --            ; --          ; --             ;
; PARTITION_COLOR                      ; 16764057                              ; --            ; --          ; Top            ;
; PARTITION_FITTER_PRESERVATION_LEVEL  ; PLACEMENT_AND_ROUTING                 ; --            ; --          ; Top            ;
; PARTITION_NETLIST_TYPE               ; SOURCE                                ; --            ; --          ; Top            ;
; POWER_BOARD_THERMAL_MODEL            ; None (CONSERVATIVE)                   ; --            ; --          ; --             ;
; POWER_PRESET_COOLING_SOLUTION        ; 23 MM HEAT SINK WITH 200 LFPM AIRFLOW ; --            ; --          ; --             ;
; PROJECT_OUTPUT_DIRECTORY             ; output_files                          ; --            ; --          ; --             ;
+--------------------------------------+---------------------------------------+---------------+-------------+----------------+


+--------------------------------------------------------------------------------------------------------------------------+
; Flow Elapsed Time                                                                                                        ;
+----------------------+--------------+-------------------------+---------------------+------------------------------------+
; Module Name          ; Elapsed Time ; Average Processors Used ; Peak Virtual Memory ; Total CPU Time (on all processors) ;
+----------------------+--------------+-------------------------+---------------------+------------------------------------+
; Analysis & Synthesis ; 00:01:17     ; 1.0                     ; 838 MB              ; 00:01:10                           ;
; Fitter               ; 00:01:34     ; 1.8                     ; 1864 MB             ; 00:01:56                           ;
; EDA Netlist Writer   ; 00:00:24     ; 1.0                     ; 719 MB              ; 00:00:15                           ;
; Total                ; 00:03:15     ; --                      ; --                  ; 00:03:21                           ;
+----------------------+--------------+-------------------------+---------------------+------------------------------------+


+-----------------------------------------------------------------------------------+
; Flow OS Summary                                                                   ;
+----------------------+------------------+-----------+------------+----------------+
; Module Name          ; Machine Hostname ; OS Name   ; OS Version ; Processor type ;
+----------------------+------------------+-----------+------------+----------------+
; Analysis & Synthesis ; Ary-PC           ; Windows 7 ; 6.2        ; x86_64         ;
; Fitter               ; Ary-PC           ; Windows 7 ; 6.2        ; x86_64         ;
; EDA Netlist Writer   ; Ary-PC           ; Windows 7 ; 6.2        ; x86_64         ;
+----------------------+------------------+-----------+------------+----------------+


------------
; Flow Log ;
------------
quartus_map --read_settings_files=on --write_settings_files=off riscv_cache_top -c riscv_cache_top
quartus_fit --read_settings_files=on --write_settings_files=off riscv_cache_top -c riscv_cache_top
quartus_eda --read_settings_files=off --write_settings_files=off riscv_cache_top -c riscv_cache_top



